<?xml version="1.0" encoding="UTF-8"?>
<!-- Generated by org.testng.reporters.JUnitXMLReporter -->
<testsuite ignored="0" hostname="DESKTOP-LT9AUO0" failures="1" tests="8" name="TestNG" time="30.167" errors="0" timestamp="2021-05-17T01:04:23 PDT">
  <testcase classname="seleniumtestpackage.testClass" name="validatehomepage" time="6.296"/>
  <testcase classname="seleniumtestpackage.testClass" name="validateaddtoCart" time="8.811"/>
  <testcase classname="seleniumtestpackage.testClass" name="validateguestlogin" time="0.274"/>
  <testcase classname="seleniumtestpackage.testClass" name="validatasecurechkout" time="3.911"/>
  <testcase classname="restTestpackage.restTest" name="validateHeaderType" time="2.182"/>
  <testcase classname="restTestpackage.restTest" name="validateStatusCode" time="0.583"/>
  <testcase classname="restTestpackage.restTest" name="validateTitle" time="1.183">
    <failure type="java.lang.AssertionError" message="expected [Tres convoco stabilis ars expedita strenuus ut damno et somniculosus deinde valetudo auctor repudiandae utroque aeneus.] but found [Tumultus denuo carpo aetas censura vae utique degero deficio demitto convoco tenetur paens quidem.]">
      <![CDATA[java.lang.AssertionError: expected [Tres convoco stabilis ars expedita strenuus ut damno et somniculosus deinde valetudo auctor repudiandae utroque aeneus.] but found [Tumultus denuo carpo aetas censura vae utique degero deficio demitto convoco tenetur paens quidem.]
at restTestpackage.restTest.validateTitle(restTest.java:79)
at java.base/java.util.ArrayList.forEach(ArrayList.java:1511)
... Removed 32 stack frames]]>
    </failure>
  </testcase> <!-- validateTitle -->
  <testcase classname="restTestpackage.restTest" name="validateUserId" time="0.755"/>
</testsuite> <!-- TestNG -->
